time="2022-08-10T13:54:59+03:00" level=info msg="Create router..." func="main.main()" file="app.go:19"
time="2022-08-10T13:54:59+03:00" level=info msg="Register user handler" func="main.main()" file="app.go:23"
time="2022-08-10T13:55:24+03:00" level=info msg="Create router..." func="main.main()" file="app.go:19"
time="2022-08-10T13:55:24+03:00" level=info msg="Register user handler" func="main.main()" file="app.go:23"
time="2022-08-10T13:56:27+03:00" level=info msg="Create router..." func="main.main()" file="app.go:18"
time="2022-08-10T13:56:27+03:00" level=info msg="Register user handler" func="main.main()" file="app.go:22"
time="2022-08-10T13:56:27+03:00" level=info msg="start application" func="main.start()" file="app.go:33"
time="2022-08-10T13:56:27+03:00" level=info msg="server is listening port :1234" func="main.start()" file="app.go:46"
time="2022-08-11T00:35:30+03:00" level=info msg="Create router..." func="main.main()" file="app.go:23"
time="2022-08-11T00:35:30+03:00" level=info msg="read application configuration" func="example.com/restapi/internal/config.GetConfig.func1()" file="config.go:27"
time="2022-08-11T00:35:30+03:00" level=info msg="Register user handler" func="main.main()" file="app.go:28"
time="2022-08-11T00:35:30+03:00" level=info msg="start application" func="main.start()" file="app.go:38"
time="2022-08-11T00:35:30+03:00" level=info msg="listen tcp" func="main.start()" file="app.go:55"
time="2022-08-11T00:35:30+03:00" level=info msg="server is listening port ::10000" func="main.start()" file="app.go:69"
time="2022-08-11T00:37:51+03:00" level=info msg="Create router..." func="main.main()" file="app.go:23"
time="2022-08-11T00:37:51+03:00" level=info msg="read application configuration" func="example.com/restapi/internal/config.GetConfig.func1()" file="config.go:27"
time="2022-08-11T00:37:51+03:00" level=info msg="Register user handler" func="main.main()" file="app.go:28"
time="2022-08-11T00:37:51+03:00" level=info msg="start application" func="main.start()" file="app.go:38"
time="2022-08-11T00:37:51+03:00" level=info msg="listen tcp" func="main.start()" file="app.go:55"
time="2022-08-11T00:37:51+03:00" level=info msg="server is listening port :10000" func="main.start()" file="app.go:69"
time="2022-08-11T00:38:55+03:00" level=info msg="Create router..." func="main.main()" file="app.go:23"
time="2022-08-11T00:38:55+03:00" level=info msg="read application configuration" func="example.com/restapi/internal/config.GetConfig.func1()" file="config.go:27"
time="2022-08-11T00:38:55+03:00" level=info msg="Register user handler" func="main.main()" file="app.go:28"
time="2022-08-11T00:38:55+03:00" level=info msg="start application" func="main.start()" file="app.go:38"
time="2022-08-11T00:38:55+03:00" level=info msg="listen tcp" func="main.start()" file="app.go:55"
time="2022-08-11T00:38:55+03:00" level=info msg="server is listening port (port) :10000" func="main.start()" file="app.go:69"
time="2022-08-11T00:43:21+03:00" level=info msg="Create router..." func="main.main()" file="app.go:23"
time="2022-08-11T00:43:21+03:00" level=info msg="read application configuration" func="example.com/restapi/internal/config.GetConfig.func1()" file="config.go:27"
time="2022-08-11T00:43:21+03:00" level=info msg="Register user handler" func="main.main()" file="app.go:28"
time="2022-08-11T00:43:21+03:00" level=info msg="start application" func="main.start()" file="app.go:38"
time="2022-08-11T00:43:21+03:00" level=info msg="listen tcp" func="main.start()" file="app.go:55"
time="2022-08-11T00:43:21+03:00" level=info msg="server is listening port :10000" func="main.start()" file="app.go:69"
time="2022-08-11T00:45:36+03:00" level=info msg="Create router..." func="main.main()" file="app.go:23"
time="2022-08-11T00:45:36+03:00" level=info msg="read application configuration" func="example.com/restapi/internal/config.GetConfig.func1()" file="config.go:27"
time="2022-08-11T00:45:36+03:00" level=info msg="Register user handler" func="main.main()" file="app.go:28"
time="2022-08-11T00:45:36+03:00" level=info msg="start application" func="main.start()" file="app.go:38"
time="2022-08-11T00:45:36+03:00" level=info msg="listen tcp" func="main.start()" file="app.go:55"
time="2022-08-11T00:45:36+03:00" level=info msg="server is listening port :10000" func="main.start()" file="app.go:69"
time="2022-08-11T00:46:11+03:00" level=info msg="Create router..." func="main.main()" file="app.go:23"
time="2022-08-11T00:46:11+03:00" level=info msg="read application configuration" func="example.com/restapi/internal/config.GetConfig.func1()" file="config.go:27"
time="2022-08-11T00:46:11+03:00" level=info msg="Register user handler" func="main.main()" file="app.go:28"
time="2022-08-11T00:46:11+03:00" level=info msg="start application" func="main.start()" file="app.go:38"
time="2022-08-11T00:46:11+03:00" level=info msg="create socket" func="main.start()" file="app.go:48"
time="2022-08-11T00:46:11+03:00" level=debug msg="socker path: /tmp/go-build4050917813/b001/exe/app.sock" func="main.start()" file="app.go:50"
time="2022-08-11T00:46:11+03:00" level=info msg="listen unix socket" func="main.start()" file="app.go:52"
time="2022-08-11T00:46:11+03:00" level=info msg="server is listening port :" func="main.start()" file="app.go:69"
time="2022-08-11T00:47:32+03:00" level=info msg="Create router..." func="main.main()" file="app.go:23"
time="2022-08-11T00:47:32+03:00" level=info msg="read application configuration" func="example.com/restapi/internal/config.GetConfig.func1()" file="config.go:27"
time="2022-08-11T00:47:32+03:00" level=info msg="Register user handler" func="main.main()" file="app.go:28"
time="2022-08-11T00:47:32+03:00" level=info msg="start application" func="main.start()" file="app.go:38"
time="2022-08-11T00:47:32+03:00" level=info msg="create socket" func="main.start()" file="app.go:48"
time="2022-08-11T00:47:32+03:00" level=debug msg="socker path: /tmp/go-build775947175/b001/exe/app.sock" func="main.start()" file="app.go:50"
time="2022-08-11T00:47:32+03:00" level=info msg="listen unix socket" func="main.start()" file="app.go:52"
time="2022-08-11T00:47:32+03:00" level=info msg="server is listening port :" func="main.start()" file="app.go:69"
time="2022-08-11T00:49:40+03:00" level=info msg="Create router..." func="main.main()" file="app.go:23"
time="2022-08-11T00:49:40+03:00" level=info msg="read application configuration" func="example.com/restapi/internal/config.GetConfig.func1()" file="config.go:27"
time="2022-08-11T00:49:40+03:00" level=info msg="Register user handler" func="main.main()" file="app.go:28"
time="2022-08-11T00:49:40+03:00" level=info msg="start application" func="main.start()" file="app.go:38"
time="2022-08-11T00:49:40+03:00" level=info msg="create socket" func="main.start()" file="app.go:48"
time="2022-08-11T00:49:40+03:00" level=debug msg="socker path: /tmp/go-build1213257370/b001/exe/app.sock" func="main.start()" file="app.go:50"
time="2022-08-11T00:49:40+03:00" level=info msg="listen unix socket" func="main.start()" file="app.go:52"
time="2022-08-11T00:56:06+03:00" level=info msg="Create router..." func="main.main()" file="app.go:23"
time="2022-08-11T00:56:06+03:00" level=info msg="read application configuration" func="example.com/restapi/internal/config.GetConfig.func1()" file="config.go:27"
time="2022-08-11T00:56:06+03:00" level=info msg="Register user handler" func="main.main()" file="app.go:28"
time="2022-08-11T00:56:06+03:00" level=info msg="start application" func="main.start()" file="app.go:38"
time="2022-08-11T00:56:06+03:00" level=info msg="detect app path" func="main.start()" file="app.go:44"
time="2022-08-11T00:56:06+03:00" level=info msg="create socket" func="main.start()" file="app.go:49"
time="2022-08-11T00:56:06+03:00" level=debug msg="socker path: /tmp/go-build3864822367/b001/exe/app.sock" func="main.start()" file="app.go:51"
time="2022-08-11T00:56:06+03:00" level=info msg="listen unix socket" func="main.start()" file="app.go:53"
time="2022-08-11T00:56:06+03:00" level=info msg="server is listening unix socket" func="main.start()" file="app.go:55"
time="2022-08-11T01:06:18+03:00" level=info msg="Create router..." func="main.main()" file="app.go:23"
time="2022-08-11T01:06:18+03:00" level=info msg="read application configuration" func="example.com/restapi/internal/config.GetConfig.func1()" file="config.go:27"
time="2022-08-11T01:06:18+03:00" level=info msg="Register user handler" func="main.main()" file="app.go:28"
time="2022-08-11T01:06:18+03:00" level=info msg="start application" func="main.start()" file="app.go:38"
time="2022-08-11T01:06:18+03:00" level=info msg="detect app path" func="main.start()" file="app.go:44"
time="2022-08-11T01:06:18+03:00" level=info msg="create socket" func="main.start()" file="app.go:49"
time="2022-08-11T01:06:18+03:00" level=debug msg="socker path: /tmp/go-build1232005784/b001/exe/app.sock" func="main.start()" file="app.go:51"
time="2022-08-11T01:06:18+03:00" level=info msg="listen unix socket" func="main.start()" file="app.go:53"
time="2022-08-11T01:06:18+03:00" level=info msg="server is listening unix socket" func="main.start()" file="app.go:55"
time="2022-08-11T01:06:44+03:00" level=info msg="Create router..." func="main.main()" file="app.go:23"
time="2022-08-11T01:06:44+03:00" level=info msg="read application configuration" func="example.com/restapi/internal/config.GetConfig.func1()" file="config.go:27"
time="2022-08-11T01:06:44+03:00" level=info msg="Register user handler" func="main.main()" file="app.go:28"
time="2022-08-11T01:06:44+03:00" level=info msg="start application" func="main.start()" file="app.go:38"
time="2022-08-11T01:06:44+03:00" level=info msg="detect app path" func="main.start()" file="app.go:44"
time="2022-08-11T01:06:44+03:00" level=info msg="create socket" func="main.start()" file="app.go:49"
time="2022-08-11T01:06:44+03:00" level=debug msg="socker path: /tmp/go-build2576664588/b001/exe/app.sock" func="main.start()" file="app.go:51"
time="2022-08-11T01:06:44+03:00" level=info msg="listen unix socket" func="main.start()" file="app.go:53"
time="2022-08-11T01:06:44+03:00" level=info msg="server is listening unix socket" func="main.start()" file="app.go:55"
time="2022-08-11T01:06:44+03:00" level=info msg="file path: /home/sergei/Документы/go-learning/golang-advanced/cmd" func="main.start()" file="app.go:57"
time="2022-08-11T01:07:23+03:00" level=info msg="Create router..." func="main.main()" file="app.go:23"
time="2022-08-11T01:07:23+03:00" level=info msg="read application configuration" func="example.com/restapi/internal/config.GetConfig.func1()" file="config.go:27"
time="2022-08-11T01:07:23+03:00" level=info msg="Register user handler" func="main.main()" file="app.go:28"
time="2022-08-11T01:07:23+03:00" level=info msg="start application" func="main.start()" file="app.go:38"
time="2022-08-11T01:07:23+03:00" level=info msg="detect app path" func="main.start()" file="app.go:44"
time="2022-08-11T01:07:23+03:00" level=info msg="create socket" func="main.start()" file="app.go:49"
time="2022-08-11T01:07:23+03:00" level=debug msg="socker path: /tmp/go-build185855052/b001/exe/app.sock" func="main.start()" file="app.go:51"
time="2022-08-11T01:07:23+03:00" level=info msg="listen unix socket" func="main.start()" file="app.go:53"
time="2022-08-11T01:07:23+03:00" level=info msg="server is listening unix socket" func="main.start()" file="app.go:55"
time="2022-08-11T01:07:23+03:00" level=info msg="file path: /home/sergei/Документы/go-learning/golang-advanced/golang-advanced" func="main.start()" file="app.go:57"
time="2022-08-11T01:09:41+03:00" level=info msg="Create router..." func="main.main()" file="app.go:23"
time="2022-08-11T01:09:41+03:00" level=info msg="read application configuration" func="example.com/restapi/internal/config.GetConfig.func1()" file="config.go:27"
time="2022-08-11T01:09:41+03:00" level=info msg="Register user handler" func="main.main()" file="app.go:28"
time="2022-08-11T01:09:41+03:00" level=info msg="start application" func="main.start()" file="app.go:38"
time="2022-08-11T01:09:41+03:00" level=info msg="detect app path" func="main.start()" file="app.go:44"
time="2022-08-11T01:09:41+03:00" level=info msg="create socket" func="main.start()" file="app.go:54"
time="2022-08-11T01:09:41+03:00" level=debug msg="socker path: /home/sergei/Документы/go-learning/golang-advanced/build/app.sock" func="main.start()" file="app.go:56"
time="2022-08-11T01:09:41+03:00" level=info msg="listen unix socket" func="main.start()" file="app.go:58"
time="2022-08-11T01:09:41+03:00" level=info msg="server is listening unix socket" func="main.start()" file="app.go:60"
time="2022-08-11T01:12:27+03:00" level=info msg="Create router..." func="main.main()" file="app.go:23"
time="2022-08-11T01:12:27+03:00" level=info msg="read application configuration" func="example.com/restapi/internal/config.GetConfig.func1()" file="config.go:27"
time="2022-08-11T01:12:27+03:00" level=info msg="Register user handler" func="main.main()" file="app.go:28"
time="2022-08-11T01:12:27+03:00" level=info msg="start application" func="main.start()" file="app.go:38"
time="2022-08-11T01:12:27+03:00" level=info msg="detect app path" func="main.start()" file="app.go:44"
time="2022-08-11T01:12:27+03:00" level=fatal msg="mkdir build: file exists" func="main.start()" file="app.go:49"
time="2022-08-11T01:13:07+03:00" level=info msg="Create router..." func="main.main()" file="app.go:23"
time="2022-08-11T01:13:07+03:00" level=info msg="read application configuration" func="example.com/restapi/internal/config.GetConfig.func1()" file="config.go:27"
time="2022-08-11T01:13:07+03:00" level=info msg="Register user handler" func="main.main()" file="app.go:28"
time="2022-08-11T01:13:07+03:00" level=info msg="start application" func="main.start()" file="app.go:38"
time="2022-08-11T01:13:07+03:00" level=info msg="detect app path" func="main.start()" file="app.go:44"
time="2022-08-11T01:13:07+03:00" level=info msg="create socket" func="main.start()" file="app.go:58"
time="2022-08-11T01:13:07+03:00" level=debug msg="socker path: /home/sergei/Документы/go-learning/golang-advanced/build/app.sock" func="main.start()" file="app.go:60"
time="2022-08-11T01:13:07+03:00" level=info msg="listen unix socket" func="main.start()" file="app.go:62"
time="2022-08-11T01:13:07+03:00" level=info msg="server is listening unix socket" func="main.start()" file="app.go:64"
time="2022-08-11T01:13:07+03:00" level=fatal msg="listen unix /home/sergei/Документы/go-learning/golang-advanced/build/app.sock: bind: address already in use" func="main.start()" file="app.go:72"
time="2022-08-11T01:15:38+03:00" level=info msg="Create router..." func="main.main()" file="app.go:23"
time="2022-08-11T01:15:38+03:00" level=info msg="read application configuration" func="example.com/restapi/internal/config.GetConfig.func1()" file="config.go:27"
time="2022-08-11T01:15:38+03:00" level=info msg="Register user handler" func="main.main()" file="app.go:28"
time="2022-08-11T01:15:38+03:00" level=info msg="start application" func="main.start()" file="app.go:38"
time="2022-08-11T01:15:38+03:00" level=info msg="detect app path" func="main.start()" file="app.go:44"
time="2022-08-11T01:15:38+03:00" level=info msg="create socket" func="main.start()" file="app.go:61"
time="2022-08-11T01:15:38+03:00" level=debug msg="socker path: /home/sergei/Документы/go-learning/golang-advanced/build/app.sock" func="main.start()" file="app.go:63"
time="2022-08-11T01:15:38+03:00" level=info msg="listen unix socket" func="main.start()" file="app.go:65"
time="2022-08-11T01:15:38+03:00" level=info msg="server is listening unix socket" func="main.start()" file="app.go:67"
time="2022-08-11T01:27:51+03:00" level=info msg="Create router..." func="main.main()" file="app.go:23"
time="2022-08-11T01:27:51+03:00" level=info msg="read application configuration" func="example.com/restapi/internal/config.GetConfig.func1()" file="config.go:27"
time="2022-08-11T01:27:51+03:00" level=info msg="Register user handler" func="main.main()" file="app.go:28"
time="2022-08-11T01:27:51+03:00" level=info msg="start application" func="main.start()" file="app.go:38"
time="2022-08-11T01:27:51+03:00" level=info msg="detect app path" func="main.start()" file="app.go:44"
time="2022-08-11T01:27:51+03:00" level=info msg="create socket" func="main.start()" file="app.go:61"
time="2022-08-11T01:27:51+03:00" level=debug msg="socker path: /tmp/go-build776665243/b001/exe/app.sock" func="main.start()" file="app.go:63"
time="2022-08-11T01:27:51+03:00" level=info msg="listen unix socket" func="main.start()" file="app.go:65"
time="2022-08-11T01:27:51+03:00" level=info msg="server is listening unix socket" func="main.start()" file="app.go:67"
time="2022-08-11T01:30:34+03:00" level=info msg="Create router..." func="main.main()" file="app.go:23"
time="2022-08-11T01:30:34+03:00" level=info msg="read application configuration" func="example.com/restapi/internal/config.GetConfig.func1()" file="config.go:27"
time="2022-08-11T01:30:34+03:00" level=info msg="Register user handler" func="main.main()" file="app.go:28"
time="2022-08-11T01:30:34+03:00" level=info msg="start application" func="main.start()" file="app.go:38"
time="2022-08-11T01:30:34+03:00" level=info msg="detect app path" func="main.start()" file="app.go:44"
time="2022-08-11T01:30:34+03:00" level=info msg="create socket" func="main.start()" file="app.go:61"
time="2022-08-11T01:30:34+03:00" level=debug msg="socker path: /tmp/go-build491095599/b001/exe/app.sock" func="main.start()" file="app.go:63"
time="2022-08-11T01:30:34+03:00" level=info msg="listen unix socket" func="main.start()" file="app.go:65"
time="2022-08-11T01:30:34+03:00" level=info msg="server is listening unix socket" func="main.start()" file="app.go:67"
time="2022-08-11T01:32:25+03:00" level=info msg="Create router..." func="main.main()" file="app.go:23"
time="2022-08-11T01:32:25+03:00" level=info msg="read application configuration" func="example.com/restapi/internal/config.GetConfig.func1()" file="config.go:27"
time="2022-08-11T01:32:25+03:00" level=info msg="Register user handler" func="main.main()" file="app.go:28"
time="2022-08-11T01:32:25+03:00" level=info msg="start application" func="main.start()" file="app.go:38"
time="2022-08-11T01:32:25+03:00" level=info msg="detect app path" func="main.start()" file="app.go:44"
time="2022-08-11T01:32:25+03:00" level=info msg="create socket" func="main.start()" file="app.go:61"
time="2022-08-11T01:32:25+03:00" level=debug msg="socker path: /tmp/go-build3778783991/b001/exe/app.sock" func="main.start()" file="app.go:63"
time="2022-08-11T01:32:25+03:00" level=info msg="listen unix socket" func="main.start()" file="app.go:65"
time="2022-08-11T01:32:25+03:00" level=info msg="server is listening unix socket" func="main.start()" file="app.go:67"
time="2022-08-11T01:43:12+03:00" level=info msg="Create router..." func="main.main()" file="app.go:23"
time="2022-08-11T01:43:12+03:00" level=info msg="read application configuration" func="example.com/restapi/internal/config.GetConfig.func1()" file="config.go:27"
time="2022-08-11T01:43:12+03:00" level=info msg="Register user handler" func="main.main()" file="app.go:28"
time="2022-08-11T01:43:12+03:00" level=info msg="start application" func="main.start()" file="app.go:38"
time="2022-08-11T01:43:12+03:00" level=info msg="detect app path" func="main.start()" file="app.go:44"
time="2022-08-11T01:43:12+03:00" level=info msg="create socket" func="main.start()" file="app.go:61"
time="2022-08-11T01:43:12+03:00" level=debug msg="socker path: /tmp/go-build2039010789/b001/exe/app.sock" func="main.start()" file="app.go:63"
time="2022-08-11T01:43:12+03:00" level=info msg="listen unix socket" func="main.start()" file="app.go:65"
time="2022-08-11T01:43:12+03:00" level=info msg="server is listening unix socket" func="main.start()" file="app.go:67"
time="2022-08-11T01:44:18+03:00" level=info msg="Create router..." func="main.main()" file="app.go:23"
time="2022-08-11T01:44:18+03:00" level=info msg="read application configuration" func="example.com/restapi/internal/config.GetConfig.func1()" file="config.go:27"
time="2022-08-11T01:44:18+03:00" level=info msg="Register user handler" func="main.main()" file="app.go:28"
time="2022-08-11T01:44:18+03:00" level=info msg="start application" func="main.start()" file="app.go:38"
time="2022-08-11T01:44:18+03:00" level=info msg="detect app path" func="main.start()" file="app.go:44"
time="2022-08-11T01:44:18+03:00" level=info msg="---- PATH: /tmp/go-build2068363859/b001/exe" func="main.start()" file="app.go:58"
time="2022-08-11T01:44:18+03:00" level=info msg="create socket" func="main.start()" file="app.go:64"
time="2022-08-11T01:44:18+03:00" level=debug msg="socker path: /tmp/go-build2068363859/b001/exe/app.sock" func="main.start()" file="app.go:66"
time="2022-08-11T01:44:18+03:00" level=info msg="listen unix socket" func="main.start()" file="app.go:68"
time="2022-08-11T01:44:18+03:00" level=info msg="server is listening unix socket" func="main.start()" file="app.go:70"
time="2022-08-11T01:44:56+03:00" level=info msg="Create router..." func="main.main()" file="app.go:23"
time="2022-08-11T01:44:56+03:00" level=info msg="read application configuration" func="example.com/restapi/internal/config.GetConfig.func1()" file="config.go:27"
time="2022-08-11T01:44:56+03:00" level=info msg="Register user handler" func="main.main()" file="app.go:28"
time="2022-08-11T01:44:56+03:00" level=info msg="start application" func="main.start()" file="app.go:38"
time="2022-08-11T01:44:56+03:00" level=info msg="detect app path" func="main.start()" file="app.go:44"
time="2022-08-11T01:44:56+03:00" level=info msg="---- PATH: /tmp/go-build3022474064/b001/exe/app" func="main.start()" file="app.go:58"
time="2022-08-11T01:44:56+03:00" level=info msg="create socket" func="main.start()" file="app.go:64"
time="2022-08-11T01:44:56+03:00" level=debug msg="socker path: /tmp/go-build3022474064/b001/exe/app.sock" func="main.start()" file="app.go:66"
time="2022-08-11T01:44:56+03:00" level=info msg="listen unix socket" func="main.start()" file="app.go:68"
time="2022-08-11T01:44:56+03:00" level=info msg="server is listening unix socket" func="main.start()" file="app.go:70"
time="2022-08-11T01:51:23+03:00" level=info msg="Create router..." func="main.main()" file="app.go:23"
time="2022-08-11T01:51:23+03:00" level=info msg="read application configuration" func="example.com/restapi/internal/config.GetConfig.func1()" file="config.go:27"
time="2022-08-11T01:51:23+03:00" level=info msg="Register user handler" func="main.main()" file="app.go:28"
time="2022-08-11T01:51:23+03:00" level=info msg="start application" func="main.start()" file="app.go:38"
time="2022-08-11T01:51:23+03:00" level=info msg="detect app path" func="main.start()" file="app.go:44"
time="2022-08-11T01:51:23+03:00" level=info msg="---- PATH: /tmp/go-build1449737606/b001/exe/app" func="main.start()" file="app.go:58"
time="2022-08-11T01:51:23+03:00" level=info msg="create socket" func="main.start()" file="app.go:64"
time="2022-08-11T01:51:23+03:00" level=debug msg="socker path: /tmp/go-build1449737606/b001/exe/app.sock" func="main.start()" file="app.go:66"
time="2022-08-11T01:51:23+03:00" level=info msg="listen unix socket" func="main.start()" file="app.go:68"
time="2022-08-11T01:51:23+03:00" level=info msg="server is listening unix socket" func="main.start()" file="app.go:70"
time="2022-08-11T01:51:49+03:00" level=info msg="Create router..." func="main.main()" file="app.go:23"
time="2022-08-11T01:51:49+03:00" level=info msg="read application configuration" func="example.com/restapi/internal/config.GetConfig.func1()" file="config.go:27"
time="2022-08-11T01:51:49+03:00" level=info msg="Register user handler" func="main.main()" file="app.go:28"
time="2022-08-11T01:51:49+03:00" level=info msg="start application" func="main.start()" file="app.go:38"
time="2022-08-11T01:51:49+03:00" level=info msg="detect app path" func="main.start()" file="app.go:44"
time="2022-08-11T01:51:49+03:00" level=info msg="---- PATH: /tmp/go-build3198688145/b001/exe/app" func="main.start()" file="app.go:58"
time="2022-08-11T01:51:49+03:00" level=info msg="create socket" func="main.start()" file="app.go:64"
time="2022-08-11T01:51:49+03:00" level=debug msg="socker path: /tmp/go-build3198688145/b001/exe/app.sock" func="main.start()" file="app.go:66"
time="2022-08-11T01:51:49+03:00" level=info msg="listen unix socket" func="main.start()" file="app.go:68"
time="2022-08-11T01:51:49+03:00" level=info msg="server is listening unix socket" func="main.start()" file="app.go:70"
time="2022-08-11T01:53:50+03:00" level=info msg="Create router..." func="main.main()" file="app.go:23"
time="2022-08-11T01:53:50+03:00" level=info msg="read application configuration" func="example.com/restapi/internal/config.GetConfig.func1()" file="config.go:27"
time="2022-08-11T01:53:50+03:00" level=info msg="Register user handler" func="main.main()" file="app.go:28"
time="2022-08-11T01:53:50+03:00" level=info msg="start application" func="main.start()" file="app.go:38"
time="2022-08-11T01:53:50+03:00" level=info msg="detect app path" func="main.start()" file="app.go:44"
time="2022-08-11T01:53:50+03:00" level=info msg="---- PATH: /tmp/go-build3068417239/b001/exe/app" func="main.start()" file="app.go:58"
time="2022-08-11T01:53:50+03:00" level=info msg="create socket" func="main.start()" file="app.go:64"
time="2022-08-11T01:53:50+03:00" level=debug msg="socker path: /tmp/go-build3068417239/b001/exe/app.sock" func="main.start()" file="app.go:66"
time="2022-08-11T01:53:50+03:00" level=info msg="listen unix socket" func="main.start()" file="app.go:68"
time="2022-08-11T01:53:50+03:00" level=info msg="server is listening unix socket" func="main.start()" file="app.go:70"
time="2022-08-11T01:59:34+03:00" level=info msg="Create router..." func="main.main()" file="app.go:23"
time="2022-08-11T01:59:34+03:00" level=info msg="read application configuration" func="example.com/restapi/internal/config.GetConfig.func1()" file="config.go:27"
time="2022-08-11T01:59:34+03:00" level=info msg="Register user handler" func="main.main()" file="app.go:28"
time="2022-08-11T01:59:34+03:00" level=info msg="start application" func="main.start()" file="app.go:38"
time="2022-08-11T01:59:34+03:00" level=info msg="detect app path" func="main.start()" file="app.go:44"
time="2022-08-11T01:59:34+03:00" level=info msg="---- PATH: /tmp/go-build2649606694/b001/exe/app" func="main.start()" file="app.go:58"
time="2022-08-11T01:59:34+03:00" level=info msg="create socket" func="main.start()" file="app.go:64"
time="2022-08-11T01:59:34+03:00" level=debug msg="socker path: /tmp/go-build2649606694/b001/exe/app.sock" func="main.start()" file="app.go:66"
time="2022-08-11T01:59:34+03:00" level=info msg="listen unix socket" func="main.start()" file="app.go:68"
time="2022-08-11T01:59:34+03:00" level=info msg="server is listening unix socket" func="main.start()" file="app.go:70"
time="2022-08-11T02:02:21+03:00" level=info msg="Create router..." func="main.main()" file="app.go:23"
time="2022-08-11T02:02:21+03:00" level=info msg="read application configuration" func="example.com/restapi/internal/config.GetConfig.func1()" file="config.go:27"
time="2022-08-11T02:02:21+03:00" level=info msg="Register user handler" func="main.main()" file="app.go:28"
time="2022-08-11T02:02:21+03:00" level=info msg="start application" func="main.start()" file="app.go:38"
time="2022-08-11T02:02:21+03:00" level=info msg="detect app path" func="main.start()" file="app.go:44"
time="2022-08-11T02:02:21+03:00" level=info msg="---- PATH: /tmp/go-build4246576700/b001/exe/app" func="main.start()" file="app.go:58"
time="2022-08-11T02:02:21+03:00" level=info msg="create socket" func="main.start()" file="app.go:64"
time="2022-08-11T02:02:21+03:00" level=debug msg="socker path: /tmp/go-build4246576700/b001/exe/app.sock" func="main.start()" file="app.go:66"
time="2022-08-11T02:02:21+03:00" level=info msg="listen unix socket" func="main.start()" file="app.go:68"
time="2022-08-11T02:02:21+03:00" level=info msg="server is listening unix socket" func="main.start()" file="app.go:70"
time="2022-08-11T02:02:54+03:00" level=info msg="Create router..." func="main.main()" file="app.go:23"
time="2022-08-11T02:02:54+03:00" level=info msg="read application configuration" func="example.com/restapi/internal/config.GetConfig.func1()" file="config.go:27"
time="2022-08-11T02:02:54+03:00" level=info msg="Register user handler" func="main.main()" file="app.go:28"
time="2022-08-11T02:02:54+03:00" level=info msg="start application" func="main.start()" file="app.go:38"
time="2022-08-11T02:02:54+03:00" level=info msg="detect app path" func="main.start()" file="app.go:44"
time="2022-08-11T02:02:54+03:00" level=info msg="---- PATH: /tmp/go-build1947092572/b001/exe/app" func="main.start()" file="app.go:58"
time="2022-08-11T02:02:54+03:00" level=info msg="create socket" func="main.start()" file="app.go:64"
time="2022-08-11T02:02:54+03:00" level=debug msg="socker path: /tmp/go-build1947092572/b001/exe/app.sock" func="main.start()" file="app.go:66"
time="2022-08-11T02:02:54+03:00" level=info msg="listen unix socket" func="main.start()" file="app.go:68"
time="2022-08-11T02:02:54+03:00" level=info msg="server is listening unix socket" func="main.start()" file="app.go:70"
time="2022-08-11T02:04:44+03:00" level=info msg="Create router..." func="main.main()" file="app.go:23"
time="2022-08-11T02:04:44+03:00" level=info msg="read application configuration" func="example.com/restapi/internal/config.GetConfig.func1()" file="config.go:27"
time="2022-08-11T02:04:44+03:00" level=info msg="Register user handler" func="main.main()" file="app.go:28"
time="2022-08-11T02:04:44+03:00" level=info msg="start application" func="main.start()" file="app.go:38"
time="2022-08-11T02:04:44+03:00" level=info msg="detect app path" func="main.start()" file="app.go:44"
time="2022-08-11T02:04:44+03:00" level=info msg="---- PATH: /tmp/go-build1093640195/b001/exe/app" func="main.start()" file="app.go:58"
time="2022-08-11T02:04:44+03:00" level=info msg="create socket" func="main.start()" file="app.go:64"
time="2022-08-11T02:04:44+03:00" level=debug msg="socker path: /tmp/go-build1093640195/b001/exe/app.sock" func="main.start()" file="app.go:66"
time="2022-08-11T02:04:44+03:00" level=info msg="listen unix socket" func="main.start()" file="app.go:68"
time="2022-08-11T02:04:44+03:00" level=info msg="server is listening unix socket" func="main.start()" file="app.go:70"
time="2022-08-11T02:04:49+03:00" level=info msg="Create router..." func="main.main()" file="app.go:23"
time="2022-08-11T02:04:49+03:00" level=info msg="read application configuration" func="example.com/restapi/internal/config.GetConfig.func1()" file="config.go:27"
time="2022-08-11T02:04:49+03:00" level=info msg="Register user handler" func="main.main()" file="app.go:28"
time="2022-08-11T02:04:49+03:00" level=info msg="start application" func="main.start()" file="app.go:38"
time="2022-08-11T02:04:49+03:00" level=info msg="detect app path" func="main.start()" file="app.go:44"
time="2022-08-11T02:04:49+03:00" level=info msg="---- PATH: /tmp/go-build1930753004/b001/exe/app" func="main.start()" file="app.go:58"
time="2022-08-11T02:04:49+03:00" level=info msg="create socket" func="main.start()" file="app.go:64"
time="2022-08-11T02:04:49+03:00" level=debug msg="socker path: /tmp/go-build1930753004/b001/exe/app.sock" func="main.start()" file="app.go:66"
time="2022-08-11T02:04:49+03:00" level=info msg="listen unix socket" func="main.start()" file="app.go:68"
time="2022-08-11T02:04:49+03:00" level=info msg="server is listening unix socket" func="main.start()" file="app.go:70"
time="2022-08-11T02:05:12+03:00" level=info msg="Create router..." func="main.main()" file="app.go:23"
time="2022-08-11T02:05:12+03:00" level=info msg="read application configuration" func="example.com/restapi/internal/config.GetConfig.func1()" file="config.go:27"
time="2022-08-11T02:05:12+03:00" level=info msg="Register user handler" func="main.main()" file="app.go:28"
time="2022-08-11T02:05:12+03:00" level=info msg="start application" func="main.start()" file="app.go:38"
time="2022-08-11T02:05:12+03:00" level=info msg="detect app path" func="main.start()" file="app.go:44"
time="2022-08-11T02:05:12+03:00" level=info msg="---- PATH: /tmp/go-build1909278692/b001/exe/app" func="main.start()" file="app.go:58"
time="2022-08-11T02:05:12+03:00" level=info msg="create socket" func="main.start()" file="app.go:64"
time="2022-08-11T02:05:12+03:00" level=debug msg="socker path: /tmp/go-build1909278692/b001/exe/app.sock" func="main.start()" file="app.go:66"
time="2022-08-11T02:05:12+03:00" level=info msg="listen unix socket" func="main.start()" file="app.go:68"
time="2022-08-11T02:05:12+03:00" level=info msg="server is listening unix socket" func="main.start()" file="app.go:70"
time="2022-08-11T02:08:24+03:00" level=info msg="Create router..." func="main.main()" file="app.go:23"
time="2022-08-11T02:08:24+03:00" level=info msg="read application configuration" func="example.com/restapi/internal/config.GetConfig.func1()" file="config.go:27"
time="2022-08-11T02:08:24+03:00" level=info msg="Register user handler" func="main.main()" file="app.go:28"
time="2022-08-11T02:08:24+03:00" level=info msg="start application" func="main.start()" file="app.go:38"
time="2022-08-11T02:08:24+03:00" level=info msg="detect app path" func="main.start()" file="app.go:44"
time="2022-08-11T02:08:24+03:00" level=info msg="---- PATH: /tmp/go-build1211777951/b001/exe/app" func="main.start()" file="app.go:58"
time="2022-08-11T02:08:24+03:00" level=info msg="create socket" func="main.start()" file="app.go:64"
time="2022-08-11T02:08:24+03:00" level=debug msg="socker path: /tmp/go-build1211777951/b001/exe/app.sock" func="main.start()" file="app.go:66"
time="2022-08-11T02:08:24+03:00" level=info msg="listen unix socket" func="main.start()" file="app.go:68"
time="2022-08-11T02:08:24+03:00" level=info msg="server is listening unix socket" func="main.start()" file="app.go:70"
time="2022-08-11T02:09:27+03:00" level=info msg="Create router..." func="main.main()" file="app.go:23"
time="2022-08-11T02:09:27+03:00" level=info msg="read application configuration" func="example.com/restapi/internal/config.GetConfig.func1()" file="config.go:27"
time="2022-08-11T02:09:27+03:00" level=info msg="Register user handler" func="main.main()" file="app.go:28"
time="2022-08-11T02:09:27+03:00" level=info msg="start application" func="main.start()" file="app.go:38"
time="2022-08-11T02:09:27+03:00" level=info msg="detect app path" func="main.start()" file="app.go:44"
time="2022-08-11T02:09:27+03:00" level=info msg="---- PATH: /tmp/go-build3856552309/b001/exe/app" func="main.start()" file="app.go:58"
time="2022-08-11T02:09:27+03:00" level=info msg="create socket" func="main.start()" file="app.go:64"
time="2022-08-11T02:09:27+03:00" level=debug msg="socker path: /tmp/go-build3856552309/b001/exe/app.sock" func="main.start()" file="app.go:66"
time="2022-08-11T02:09:27+03:00" level=info msg="listen unix socket" func="main.start()" file="app.go:68"
time="2022-08-11T02:09:27+03:00" level=info msg="server is listening unix socket" func="main.start()" file="app.go:70"
